Performing C SOURCE FILE Test CMAKE_HAVE_LIBC_PTHREAD failed with the following output:
Change Dir: C:/Users/rufob/Documents/GitHub/CollapsedFragment/docs/DoxyGeneration/doxygen-1.9.5/build/CMakeFiles/CMakeScratch/TryCompile-kmax7x

Run Build Command(s):C:/Program Files/Microsoft Visual Studio/2022/Community/MSBuild/Current/Bin/amd64/MSBuild.exe cmTC_7dc76.vcxproj /p:Configuration=Debug /p:Platform=x64 /p:VisualStudioVersion=17.0 /v:m && MSBuild version 17.4.0+18d5aef85 for .NET Framework
  Microsoft (R) C/C++ Optimizing Compiler Version 19.34.31935 for x64
  src.c
  Copyright (C) Microsoft Corporation.  All rights reserved.
  cl /c /Zi /W3 /WX- /diagnostics:column /Od /Ob0 /D _MBCS /D WIN32 /D _WINDOWS /D CMAKE_HAVE_LIBC_PTHREAD /D LIBICONV_STATIC /D "CMAKE_INTDIR=\"Debug\"" /Gm- /RTC1 /MDd /GS /fp:precise /Zc:wchar_t /Zc:forScope /Zc:inline /Fo"cmTC_7dc76.dir\Debug\\" /Fd"cmTC_7dc76.dir\Debug\vc143.pdb" /external:W3 /Gd /TC /errorReport:queue "C:\Users\rufob\Documents\GitHub\CollapsedFragment\docs\DoxyGeneration\doxygen-1.9.5\build\CMakeFiles\CMakeScratch\TryCompile-kmax7x\src.c"
C:\Users\rufob\Documents\GitHub\CollapsedFragment\docs\DoxyGeneration\doxygen-1.9.5\build\CMakeFiles\CMakeScratch\TryCompile-kmax7x\src.c(1,10): fatal  error C1083: Cannot open include file: 'pthread.h': No such file or directory [C:\Users\rufob\Documents\GitHub\CollapsedFragment\docs\DoxyGeneration\doxygen-1.9.5\build\CMakeFiles\CMakeScratch\TryCompile-kmax7x\cmTC_7dc76.vcxproj]


Source file was:
#include <pthread.h>

static void* test_func(void* data)
{
  return data;
}

int main(void)
{
  pthread_t thread;
  pthread_create(&thread, NULL, test_func, NULL);
  pthread_detach(thread);
  pthread_cancel(thread);
  pthread_join(thread, NULL);
  pthread_atfork(NULL, NULL, NULL);
  pthread_exit(NULL);

  return 0;
}


Determining if the function pthread_create exists in the pthreads failed with the following output:
Change Dir: C:/Users/rufob/Documents/GitHub/CollapsedFragment/docs/DoxyGeneration/doxygen-1.9.5/build/CMakeFiles/CMakeScratch/TryCompile-usm421

Run Build Command(s):C:/Program Files/Microsoft Visual Studio/2022/Community/MSBuild/Current/Bin/amd64/MSBuild.exe cmTC_21faa.vcxproj /p:Configuration=Debug /p:Platform=x64 /p:VisualStudioVersion=17.0 /v:m && MSBuild version 17.4.0+18d5aef85 for .NET Framework
  Microsoft (R) C/C++ Optimizing Compiler Version 19.34.31935 for x64
  Copyright (C) Microsoft Corporation.  All rights reserved.
  CheckFunctionExists.c
  cl /c /Zi /W3 /WX- /diagnostics:column /Od /Ob0 /D _MBCS /D WIN32 /D _WINDOWS /D CHECK_FUNCTION_EXISTS=pthread_create /D LIBICONV_STATIC /D "CMAKE_INTDIR=\"Debug\"" /Gm- /RTC1 /MDd /GS /fp:precise /Zc:wchar_t /Zc:forScope /Zc:inline /Fo"cmTC_21faa.dir\Debug\\" /Fd"cmTC_21faa.dir\Debug\vc143.pdb" /external:W3 /Gd /TC /errorReport:queue "C:\Users\rufob\Documents\GitHub\CollapsedFragment\docs\DoxyGeneration\doxygen-1.9.5\build\CMakeFiles\CMakeScratch\TryCompile-usm421\CheckFunctionExists.c"
LINK : fatal error LNK1104: cannot open file 'pthreads.lib' [C:\Users\rufob\Documents\GitHub\CollapsedFragment\docs\DoxyGeneration\doxygen-1.9.5\build\CMakeFiles\CMakeScratch\TryCompile-usm421\cmTC_21faa.vcxproj]



Determining if the function pthread_create exists in the pthread failed with the following output:
Change Dir: C:/Users/rufob/Documents/GitHub/CollapsedFragment/docs/DoxyGeneration/doxygen-1.9.5/build/CMakeFiles/CMakeScratch/TryCompile-vjiyg0

Run Build Command(s):C:/Program Files/Microsoft Visual Studio/2022/Community/MSBuild/Current/Bin/amd64/MSBuild.exe cmTC_e1593.vcxproj /p:Configuration=Debug /p:Platform=x64 /p:VisualStudioVersion=17.0 /v:m && MSBuild version 17.4.0+18d5aef85 for .NET Framework
  Microsoft (R) C/C++ Optimizing Compiler Version 19.34.31935 for x64
  Copyright (C) Microsoft Corporation.  All rights reserved.
  CheckFunctionExists.c
  cl /c /Zi /W3 /WX- /diagnostics:column /Od /Ob0 /D _MBCS /D WIN32 /D _WINDOWS /D CHECK_FUNCTION_EXISTS=pthread_create /D LIBICONV_STATIC /D "CMAKE_INTDIR=\"Debug\"" /Gm- /RTC1 /MDd /GS /fp:precise /Zc:wchar_t /Zc:forScope /Zc:inline /Fo"cmTC_e1593.dir\Debug\\" /Fd"cmTC_e1593.dir\Debug\vc143.pdb" /external:W3 /Gd /TC /errorReport:queue "C:\Users\rufob\Documents\GitHub\CollapsedFragment\docs\DoxyGeneration\doxygen-1.9.5\build\CMakeFiles\CMakeScratch\TryCompile-vjiyg0\CheckFunctionExists.c"
LINK : fatal error LNK1104: cannot open file 'pthread.lib' [C:\Users\rufob\Documents\GitHub\CollapsedFragment\docs\DoxyGeneration\doxygen-1.9.5\build\CMakeFiles\CMakeScratch\TryCompile-vjiyg0\cmTC_e1593.vcxproj]



Determining if the function iconv_open exists failed with the following output:
Change Dir: C:/Users/rufob/Documents/GitHub/CollapsedFragment/docs/DoxyGeneration/doxygen-1.9.5/build/CMakeFiles/CMakeScratch/TryCompile-h53xjb

Run Build Command(s):C:/Program Files/Microsoft Visual Studio/2022/Community/MSBuild/Current/Bin/amd64/MSBuild.exe cmTC_9a5bb.vcxproj /p:Configuration=Debug /p:Platform=x64 /p:VisualStudioVersion=17.0 /v:m && MSBuild version 17.4.0+18d5aef85 for .NET Framework
  Microsoft (R) C/C++ Optimizing Compiler Version 19.34.31935 for x64
  Copyright (C) Microsoft Corporation.  All rights reserved.
  CheckFunctionExists.c
  cl /c /I"C:\Users\rufob\Documents\GitHub\CollapsedFragment\docs\DoxyGeneration\doxygen-1.9.5\winbuild" /Zi /W3 /WX- /diagnostics:column /Od /Ob0 /D _MBCS /D WIN32 /D _WINDOWS /D CHECK_FUNCTION_EXISTS=iconv_open /D LIBICONV_STATIC /D "CMAKE_INTDIR=\"Debug\"" /Gm- /RTC1 /MDd /GS /fp:precise /Zc:wchar_t /Zc:forScope /Zc:inline /Fo"cmTC_9a5bb.dir\Debug\\" /Fd"cmTC_9a5bb.dir\Debug\vc143.pdb" /external:W3 /Gd /TC /errorReport:queue "C:\Users\rufob\Documents\GitHub\CollapsedFragment\docs\DoxyGeneration\doxygen-1.9.5\build\CMakeFiles\CMakeScratch\TryCompile-h53xjb\CheckFunctionExists.c"
CheckFunctionExists.obj : error LNK2019: unresolved external symbol iconv_open referenced in function main [C:\Users\rufob\Documents\GitHub\CollapsedFragment\docs\DoxyGeneration\doxygen-1.9.5\build\CMakeFiles\CMakeScratch\TryCompile-h53xjb\cmTC_9a5bb.vcxproj]
C:\Users\rufob\Documents\GitHub\CollapsedFragment\docs\DoxyGeneration\doxygen-1.9.5\build\CMakeFiles\CMakeScratch\TryCompile-h53xjb\Debug\cmTC_9a5bb.exe : fatal error LNK1120: 1 unresolved externals [C:\Users\rufob\Documents\GitHub\CollapsedFragment\docs\DoxyGeneration\doxygen-1.9.5\build\CMakeFiles\CMakeScratch\TryCompile-h53xjb\cmTC_9a5bb.vcxproj]



Performing C++ SOURCE FILE Test ICONV_ACCEPTS_NONCONST_INPUT failed with the following output:
Change Dir: C:/Users/rufob/Documents/GitHub/CollapsedFragment/docs/DoxyGeneration/doxygen-1.9.5/build/CMakeFiles/CMakeScratch/TryCompile-k8ggz0

Run Build Command(s):C:/Program Files/Microsoft Visual Studio/2022/Community/MSBuild/Current/Bin/amd64/MSBuild.exe cmTC_20c81.vcxproj /p:Configuration=Debug /p:Platform=x64 /p:VisualStudioVersion=17.0 /v:m && MSBuild version 17.4.0+18d5aef85 for .NET Framework
  Microsoft (R) C/C++ Optimizing Compiler Version 19.34.31935 for x64
  Copyright (C) Microsoft Corporation.  All rights reserved.
  src.cxx
  cl /c /I"C:\Users\rufob\Documents\GitHub\CollapsedFragment\docs\DoxyGeneration\doxygen-1.9.5\winbuild" /Zi /W3 /WX- /diagnostics:column /Od /Ob0 /D _MBCS /D WIN32 /D _WINDOWS /D ICONV_ACCEPTS_NONCONST_INPUT /D LIBICONV_STATIC /D "CMAKE_INTDIR=\"Debug\"" /Gm- /EHsc /RTC1 /MDd /GS /fp:precise /Zc:wchar_t /Zc:forScope /Zc:inline /GR /Fo"cmTC_20c81.dir\Debug\\" /Fd"cmTC_20c81.dir\Debug\vc143.pdb" /external:W3 /Gd /TP /errorReport:queue  /bigobj "C:\Users\rufob\Documents\GitHub\CollapsedFragment\docs\DoxyGeneration\doxygen-1.9.5\build\CMakeFiles\CMakeScratch\TryCompile-k8ggz0\src.cxx"
C:\Users\rufob\Documents\GitHub\CollapsedFragment\docs\DoxyGeneration\doxygen-1.9.5\build\CMakeFiles\CMakeScratch\TryCompile-k8ggz0\src.cxx(4,13): error C2664: 'size_t libiconv(libiconv_t,const char **,size_t *,char **,size_t *)': cannot convert argument 2 from 'char **' to 'const char **' [C:\Users\rufob\Documents\GitHub\CollapsedFragment\docs\DoxyGeneration\doxygen-1.9.5\build\CMakeFiles\CMakeScratch\TryCompile-k8ggz0\cmTC_20c81.vcxproj]
C:\Users\rufob\Documents\GitHub\CollapsedFragment\docs\DoxyGeneration\doxygen-1.9.5\build\CMakeFiles\CMakeScratch\TryCompile-k8ggz0\src.cxx(4,32): message : Conversion loses qualifiers [C:\Users\rufob\Documents\GitHub\CollapsedFragment\docs\DoxyGeneration\doxygen-1.9.5\build\CMakeFiles\CMakeScratch\TryCompile-k8ggz0\cmTC_20c81.vcxproj]
C:\Users\rufob\Documents\GitHub\CollapsedFragment\docs\DoxyGeneration\doxygen-1.9.5\winbuild\iconv.h(92,37): message : see declaration of 'libiconv' [C:\Users\rufob\Documents\GitHub\CollapsedFragment\docs\DoxyGeneration\doxygen-1.9.5\build\CMakeFiles\CMakeScratch\TryCompile-k8ggz0\cmTC_20c81.vcxproj]
C:\Users\rufob\Documents\GitHub\CollapsedFragment\docs\DoxyGeneration\doxygen-1.9.5\build\CMakeFiles\CMakeScratch\TryCompile-k8ggz0\src.cxx(4,13): message : while trying to match the argument list '(libiconv_t, char **, int, int, int)' [C:\Users\rufob\Documents\GitHub\CollapsedFragment\docs\DoxyGeneration\doxygen-1.9.5\build\CMakeFiles\CMakeScratch\TryCompile-k8ggz0\cmTC_20c81.vcxproj]


Source file was:
#include <iconv.h>
         int main() {
            char *p = 0;
            iconv(iconv_t(-1), &p, 0, 0, 0);
         }

Performing C SOURCE FILE Test CMAKE_HAVE_LIBC_PTHREAD failed with the following output:
Change Dir: C:/Users/rufob/Documents/GitHub/CollapsedFragment/docs/DoxyGeneration/doxygen-1.9.5/build/CMakeFiles/CMakeScratch/TryCompile-6lyvgn

Run Build Command(s):C:/Program Files/Microsoft Visual Studio/2022/Community/MSBuild/Current/Bin/amd64/MSBuild.exe cmTC_6114b.vcxproj /p:Configuration=Debug /p:Platform=x64 /p:VisualStudioVersion=17.0 /v:m && MSBuild version 17.4.0+18d5aef85 for .NET Framework
  Microsoft (R) C/C++ Optimizing Compiler Version 19.34.31935 for x64
  src.c
  Copyright (C) Microsoft Corporation.  All rights reserved.
  cl /c /Zi /W3 /WX- /diagnostics:column /Od /Ob0 /D _MBCS /D WIN32 /D _WINDOWS /D CMAKE_HAVE_LIBC_PTHREAD /D LIBICONV_STATIC /D "CMAKE_INTDIR=\"Debug\"" /Gm- /RTC1 /MDd /GS /fp:precise /Zc:wchar_t /Zc:forScope /Zc:inline /Fo"cmTC_6114b.dir\Debug\\" /Fd"cmTC_6114b.dir\Debug\vc143.pdb" /external:W3 /Gd /TC /errorReport:queue "C:\Users\rufob\Documents\GitHub\CollapsedFragment\docs\DoxyGeneration\doxygen-1.9.5\build\CMakeFiles\CMakeScratch\TryCompile-6lyvgn\src.c"
C:\Users\rufob\Documents\GitHub\CollapsedFragment\docs\DoxyGeneration\doxygen-1.9.5\build\CMakeFiles\CMakeScratch\TryCompile-6lyvgn\src.c(1,10): fatal  error C1083: Cannot open include file: 'pthread.h': No such file or directory [C:\Users\rufob\Documents\GitHub\CollapsedFragment\docs\DoxyGeneration\doxygen-1.9.5\build\CMakeFiles\CMakeScratch\TryCompile-6lyvgn\cmTC_6114b.vcxproj]


Source file was:
#include <pthread.h>

static void* test_func(void* data)
{
  return data;
}

int main(void)
{
  pthread_t thread;
  pthread_create(&thread, NULL, test_func, NULL);
  pthread_detach(thread);
  pthread_cancel(thread);
  pthread_join(thread, NULL);
  pthread_atfork(NULL, NULL, NULL);
  pthread_exit(NULL);

  return 0;
}


Determining if the function pthread_create exists in the pthreads failed with the following output:
Change Dir: C:/Users/rufob/Documents/GitHub/CollapsedFragment/docs/DoxyGeneration/doxygen-1.9.5/build/CMakeFiles/CMakeScratch/TryCompile-tsc3dz

Run Build Command(s):C:/Program Files/Microsoft Visual Studio/2022/Community/MSBuild/Current/Bin/amd64/MSBuild.exe cmTC_afe13.vcxproj /p:Configuration=Debug /p:Platform=x64 /p:VisualStudioVersion=17.0 /v:m && MSBuild version 17.4.0+18d5aef85 for .NET Framework
  Microsoft (R) C/C++ Optimizing Compiler Version 19.34.31935 for x64
  Copyright (C) Microsoft Corporation.  All rights reserved.
  CheckFunctionExists.c
  cl /c /Zi /W3 /WX- /diagnostics:column /Od /Ob0 /D _MBCS /D WIN32 /D _WINDOWS /D CHECK_FUNCTION_EXISTS=pthread_create /D LIBICONV_STATIC /D "CMAKE_INTDIR=\"Debug\"" /Gm- /RTC1 /MDd /GS /fp:precise /Zc:wchar_t /Zc:forScope /Zc:inline /Fo"cmTC_afe13.dir\Debug\\" /Fd"cmTC_afe13.dir\Debug\vc143.pdb" /external:W3 /Gd /TC /errorReport:queue "C:\Users\rufob\Documents\GitHub\CollapsedFragment\docs\DoxyGeneration\doxygen-1.9.5\build\CMakeFiles\CMakeScratch\TryCompile-tsc3dz\CheckFunctionExists.c"
TRACKER : error TRK0002: Failed to execute command: ""C:\Program Files\Microsoft Visual Studio\2022\Community\VC\Tools\MSVC\14.34.31933\bin\HostX64\x64\link.exe" /ERRORREPORT:QUEUE @C:\Users\rufob\AppData\Local\Temp\MSBuildTemprufob\tmp2bb42e4cefd84e569df1c6e04bac5838.rsp". Access is denied. [C:\Users\rufob\Documents\GitHub\CollapsedFragment\docs\DoxyGeneration\doxygen-1.9.5\build\CMakeFiles\CMakeScratch\TryCompile-tsc3dz\cmTC_afe13.vcxproj]
  
  



Determining if the function pthread_create exists in the pthread failed with the following output:
Change Dir: C:/Users/rufob/Documents/GitHub/CollapsedFragment/docs/DoxyGeneration/doxygen-1.9.5/build/CMakeFiles/CMakeScratch/TryCompile-19wfj0

Run Build Command(s):C:/Program Files/Microsoft Visual Studio/2022/Community/MSBuild/Current/Bin/amd64/MSBuild.exe cmTC_8ac26.vcxproj /p:Configuration=Debug /p:Platform=x64 /p:VisualStudioVersion=17.0 /v:m && MSBuild version 17.4.0+18d5aef85 for .NET Framework
  Microsoft (R) C/C++ Optimizing Compiler Version 19.34.31935 for x64
  Copyright (C) Microsoft Corporation.  All rights reserved.
  CheckFunctionExists.c
  cl /c /Zi /W3 /WX- /diagnostics:column /Od /Ob0 /D _MBCS /D WIN32 /D _WINDOWS /D CHECK_FUNCTION_EXISTS=pthread_create /D LIBICONV_STATIC /D "CMAKE_INTDIR=\"Debug\"" /Gm- /RTC1 /MDd /GS /fp:precise /Zc:wchar_t /Zc:forScope /Zc:inline /Fo"cmTC_8ac26.dir\Debug\\" /Fd"cmTC_8ac26.dir\Debug\vc143.pdb" /external:W3 /Gd /TC /errorReport:queue "C:\Users\rufob\Documents\GitHub\CollapsedFragment\docs\DoxyGeneration\doxygen-1.9.5\build\CMakeFiles\CMakeScratch\TryCompile-19wfj0\CheckFunctionExists.c"
LINK : fatal error LNK1104: cannot open file 'pthread.lib' [C:\Users\rufob\Documents\GitHub\CollapsedFragment\docs\DoxyGeneration\doxygen-1.9.5\build\CMakeFiles\CMakeScratch\TryCompile-19wfj0\cmTC_8ac26.vcxproj]



Determining if the function iconv_open exists failed with the following output:
Change Dir: C:/Users/rufob/Documents/GitHub/CollapsedFragment/docs/DoxyGeneration/doxygen-1.9.5/build/CMakeFiles/CMakeScratch/TryCompile-dc8yx8

Run Build Command(s):C:/Program Files/Microsoft Visual Studio/2022/Community/MSBuild/Current/Bin/amd64/MSBuild.exe cmTC_1fb7c.vcxproj /p:Configuration=Debug /p:Platform=x64 /p:VisualStudioVersion=17.0 /v:m && MSBuild version 17.4.0+18d5aef85 for .NET Framework
  Microsoft (R) C/C++ Optimizing Compiler Version 19.34.31935 for x64
  Copyright (C) Microsoft Corporation.  All rights reserved.
  CheckFunctionExists.c
  cl /c /I"C:\Users\rufob\Documents\GitHub\CollapsedFragment\docs\DoxyGeneration\doxygen-1.9.5\winbuild" /Zi /W3 /WX- /diagnostics:column /Od /Ob0 /D _MBCS /D WIN32 /D _WINDOWS /D CHECK_FUNCTION_EXISTS=iconv_open /D LIBICONV_STATIC /D "CMAKE_INTDIR=\"Debug\"" /Gm- /RTC1 /MDd /GS /fp:precise /Zc:wchar_t /Zc:forScope /Zc:inline /Fo"cmTC_1fb7c.dir\Debug\\" /Fd"cmTC_1fb7c.dir\Debug\vc143.pdb" /external:W3 /Gd /TC /errorReport:queue "C:\Users\rufob\Documents\GitHub\CollapsedFragment\docs\DoxyGeneration\doxygen-1.9.5\build\CMakeFiles\CMakeScratch\TryCompile-dc8yx8\CheckFunctionExists.c"
CheckFunctionExists.obj : error LNK2019: unresolved external symbol iconv_open referenced in function main [C:\Users\rufob\Documents\GitHub\CollapsedFragment\docs\DoxyGeneration\doxygen-1.9.5\build\CMakeFiles\CMakeScratch\TryCompile-dc8yx8\cmTC_1fb7c.vcxproj]
C:\Users\rufob\Documents\GitHub\CollapsedFragment\docs\DoxyGeneration\doxygen-1.9.5\build\CMakeFiles\CMakeScratch\TryCompile-dc8yx8\Debug\cmTC_1fb7c.exe : fatal error LNK1120: 1 unresolved externals [C:\Users\rufob\Documents\GitHub\CollapsedFragment\docs\DoxyGeneration\doxygen-1.9.5\build\CMakeFiles\CMakeScratch\TryCompile-dc8yx8\cmTC_1fb7c.vcxproj]



Performing C++ SOURCE FILE Test ICONV_ACCEPTS_NONCONST_INPUT failed with the following output:
Change Dir: C:/Users/rufob/Documents/GitHub/CollapsedFragment/docs/DoxyGeneration/doxygen-1.9.5/build/CMakeFiles/CMakeScratch/TryCompile-bonmae

Run Build Command(s):C:/Program Files/Microsoft Visual Studio/2022/Community/MSBuild/Current/Bin/amd64/MSBuild.exe cmTC_c27da.vcxproj /p:Configuration=Debug /p:Platform=x64 /p:VisualStudioVersion=17.0 /v:m && MSBuild version 17.4.0+18d5aef85 for .NET Framework
  Microsoft (R) C/C++ Optimizing Compiler Version 19.34.31935 for x64
  src.cxx
  Copyright (C) Microsoft Corporation.  All rights reserved.
  cl /c /I"C:\Users\rufob\Documents\GitHub\CollapsedFragment\docs\DoxyGeneration\doxygen-1.9.5\winbuild" /Zi /W3 /WX- /diagnostics:column /Od /Ob0 /D _MBCS /D WIN32 /D _WINDOWS /D ICONV_ACCEPTS_NONCONST_INPUT /D LIBICONV_STATIC /D "CMAKE_INTDIR=\"Debug\"" /Gm- /EHsc /RTC1 /MDd /GS /fp:precise /Zc:wchar_t /Zc:forScope /Zc:inline /GR /Fo"cmTC_c27da.dir\Debug\\" /Fd"cmTC_c27da.dir\Debug\vc143.pdb" /external:W3 /Gd /TP /errorReport:queue  /bigobj "C:\Users\rufob\Documents\GitHub\CollapsedFragment\docs\DoxyGeneration\doxygen-1.9.5\build\CMakeFiles\CMakeScratch\TryCompile-bonmae\src.cxx"
C:\Users\rufob\Documents\GitHub\CollapsedFragment\docs\DoxyGeneration\doxygen-1.9.5\build\CMakeFiles\CMakeScratch\TryCompile-bonmae\src.cxx(4,13): error C2664: 'size_t libiconv(libiconv_t,const char **,size_t *,char **,size_t *)': cannot convert argument 2 from 'char **' to 'const char **' [C:\Users\rufob\Documents\GitHub\CollapsedFragment\docs\DoxyGeneration\doxygen-1.9.5\build\CMakeFiles\CMakeScratch\TryCompile-bonmae\cmTC_c27da.vcxproj]
C:\Users\rufob\Documents\GitHub\CollapsedFragment\docs\DoxyGeneration\doxygen-1.9.5\build\CMakeFiles\CMakeScratch\TryCompile-bonmae\src.cxx(4,32): message : Conversion loses qualifiers [C:\Users\rufob\Documents\GitHub\CollapsedFragment\docs\DoxyGeneration\doxygen-1.9.5\build\CMakeFiles\CMakeScratch\TryCompile-bonmae\cmTC_c27da.vcxproj]
C:\Users\rufob\Documents\GitHub\CollapsedFragment\docs\DoxyGeneration\doxygen-1.9.5\winbuild\iconv.h(92,37): message : see declaration of 'libiconv' [C:\Users\rufob\Documents\GitHub\CollapsedFragment\docs\DoxyGeneration\doxygen-1.9.5\build\CMakeFiles\CMakeScratch\TryCompile-bonmae\cmTC_c27da.vcxproj]
C:\Users\rufob\Documents\GitHub\CollapsedFragment\docs\DoxyGeneration\doxygen-1.9.5\build\CMakeFiles\CMakeScratch\TryCompile-bonmae\src.cxx(4,13): message : while trying to match the argument list '(libiconv_t, char **, int, int, int)' [C:\Users\rufob\Documents\GitHub\CollapsedFragment\docs\DoxyGeneration\doxygen-1.9.5\build\CMakeFiles\CMakeScratch\TryCompile-bonmae\cmTC_c27da.vcxproj]


Source file was:
#include <iconv.h>
         int main() {
            char *p = 0;
            iconv(iconv_t(-1), &p, 0, 0, 0);
         }

